###############
#.......#....E#
#.#.###.#.###.#
#.....#.#...#.#
#.###.#####.#.#
#.#.#.......#.#
#.#.#####.###.#
#...........#.#
###.#.#####.#.#
#...#.....#.#.#
#.#.#.###.#.#.#
#.....#...#.#.#
#.###.#.#.#.#.#
#S..#.....#...#
###############

14 3 DirectionEast 0
14 2 DirectionEast 0
14 4 DirectionEast 1
14 4 DirectionNorth 2
14 4 DirectionWest 1002
14 3 DirectionWest 2002
14 2 DirectionWest 2003
14 2 DirectionNorth 2004
13 2 DirectionNorth 3004
12 2 DirectionNorth 3005
11 2 DirectionNorth 3006
10 2 DirectionNorth 3007
10 2 DirectionEast 3008
10 3 DirectionEast 4008
10 4 DirectionEast 4009
10 4 DirectionNorth 4010
9 4 DirectionNorth 5010
8 4 DirectionNorth 5011
7 4 DirectionNorth 5012
6 4 DirectionNorth 5013
6 4 DirectionEast 5014
6 4 DirectionSouth 6014
7 4 DirectionSouth 7014
8 4 DirectionSouth 7015
9 4 DirectionSouth 7016
10 4 DirectionSouth 7017
11 4 DirectionSouth 7018
12 4 DirectionSouth 7019
12 4 DirectionEast 7020
12 5 DirectionEast 8020
12 6 DirectionEast 8021
12 6 DirectionNorth 8022
11 6 DirectionNorth 9022
10 6 DirectionNorth 9023
9 6 DirectionNorth 9024
8 6 DirectionNorth 9025
8 6 DirectionEast 9026
8 7 DirectionEast 10026
8 8 DirectionEast 10027
8 9 DirectionEast 10028
8 10 DirectionEast 10029
8 11 DirectionEast 10030
8 12 DirectionEast 10031
8 12 DirectionNorth 10032
8 12 DirectionWest 11032
8 11 DirectionWest 12032
8 10 DirectionWest 12033
8 9 DirectionWest 12034
8 8 DirectionWest 12035
8 7 DirectionWest 12036
8 6 DirectionWest 12037
8 5 DirectionWest 12038
8 4 DirectionWest 12039
8 3 DirectionWest 12040
8 2 DirectionWest 12041
8 2 DirectionNorth 12042
7 2 DirectionNorth 13042
6 2 DirectionNorth 13043
5 2 DirectionNorth 13044
4 2 DirectionNorth 13045
3 2 DirectionNorth 13046
2 2 DirectionNorth 13047
2 2 DirectionEast 13048
2 3 DirectionEast 14048
2 4 DirectionEast 14049
2 5 DirectionEast 14050
2 6 DirectionEast 14051
2 7 DirectionEast 14052
2 8 DirectionEast 14053
2 8 DirectionNorth 14054
2 8 DirectionWest 15054
2 7 DirectionWest 16054
2 6 DirectionWest 16055
2 5 DirectionWest 16056
2 4 DirectionWest 16057
2 3 DirectionWest 16058
2 2 DirectionWest 16059
2 2 DirectionSouth 16060
3 2 DirectionSouth 17060
4 2 DirectionSouth 17061
4 2 DirectionEast 17062
4 3 DirectionEast 18062
4 4 DirectionEast 18063
4 5 DirectionEast 18064
4 6 DirectionEast 18065
4 6 DirectionNorth 18066
4 6 DirectionWest 19066
4 6 DirectionSouth 20066
5 6 DirectionSouth 21066
6 6 DirectionSouth 21067
6 6 DirectionEast 21068
6 7 DirectionEast 22068
6 8 DirectionEast 22069
6 9 DirectionEast 22070
6 10 DirectionEast 22071
6 11 DirectionEast 22072
6 12 DirectionEast 22073
6 12 DirectionNorth 22074
5 12 DirectionNorth 23074
4 12 DirectionNorth 23075
4 12 DirectionEast 23076
4 12 DirectionSouth 24076
4 12 DirectionWest 25076
4 11 DirectionWest 26076
4 10 DirectionWest 26077
4 10 DirectionNorth 26078
3 10 DirectionNorth 27078
2 10 DirectionNorth 27079
2 10 DirectionEast 27080
2 11 DirectionEast 28080
2 12 DirectionEast 28081
2 13 DirectionEast 28082
2 14 DirectionEast 28083
14 3 DirectionEast 0
14 2 DirectionEast 0
14 4 DirectionEast 1
14 4 DirectionNorth 2
14 4 DirectionWest 1002
14 3 DirectionWest 2002
14 2 DirectionWest 2003
14 2 DirectionNorth 2004
13 2 DirectionNorth 3004
12 2 DirectionNorth 3005
11 2 DirectionNorth 3006
10 2 DirectionNorth 3007
10 2 DirectionEast 3008
10 3 DirectionEast 4008
10 4 DirectionEast 4009
10 4 DirectionNorth 4010
9 4 DirectionNorth 5010
8 4 DirectionNorth 5011
7 4 DirectionNorth 5012
6 4 DirectionNorth 5013
6 4 DirectionEast 5014
6 4 DirectionSouth 6014
7 4 DirectionSouth 7014
8 4 DirectionSouth 7015
9 4 DirectionSouth 7016
10 4 DirectionSouth 7017
11 4 DirectionSouth 7018
12 4 DirectionSouth 7019
12 4 DirectionEast 7020
12 5 DirectionEast 8020
12 6 DirectionEast 8021
12 6 DirectionNorth 8022
11 6 DirectionNorth 9022
10 6 DirectionNorth 9023
9 6 DirectionNorth 9024
8 6 DirectionNorth 9025
8 6 DirectionEast 9026
8 7 DirectionEast 10026
8 8 DirectionEast 10027
8 9 DirectionEast 10028
8 10 DirectionEast 10029
8 11 DirectionEast 10030
8 12 DirectionEast 10031
8 12 DirectionNorth 10032
8 12 DirectionWest 11032
8 12 DirectionSouth 12032
9 12 DirectionSouth 13032
10 12 DirectionSouth 13033
11 12 DirectionSouth 13034
12 12 DirectionSouth 13035
13 12 DirectionSouth 13036
14 12 DirectionSouth 13037
14 12 DirectionEast 13038
14 13 DirectionEast 14038
14 14 DirectionEast 14039
14 14 DirectionNorth 14040
13 14 DirectionNorth 15040
12 14 DirectionNorth 15041
11 14 DirectionNorth 15042
10 14 DirectionNorth 15043
9 14 DirectionNorth 15044
8 14 DirectionNorth 15045
7 14 DirectionNorth 15046
6 14 DirectionNorth 15047
5 14 DirectionNorth 15048
4 14 DirectionNorth 15049
3 14 DirectionNorth 15050
2 14 DirectionNorth 15051
A1:  15052
